android/app/build/outputs/logs/manifest-merger-debug-report.txt
-- Merging decision tree log ---
manifest
ADDED from src/main/AndroidManifest.xml:2:1-362:12
INJECTED from src/main/AndroidManifest.xml:2:1-362:12
INJECTED from src/main/AndroidManifest.xml:2:1-362:12
INJECTED from src/main/AndroidManifest.xml:2:1-362:12
MERGED from [host.exp.exponent:expoview:35.0.0] AndroidManifest.xml:2:1-112:12
MERGED from [org.webkit:android-jsc:r245459] AndroidManifest.xml:2:1-11:12
MERGED from [:react-native-maps] AndroidManifest.xml:2:1-12:12
MERGED from [:react-native-vector-icons] AndroidManifest.xml:2:1-11:12
MERGED from [com.facebook.react:react-native:35.0.0] AndroidManifest.xml:2:1-13:12
MERGED from [:unimodules-react-native-adapter] AndroidManifest.xml:2:1-11:12
MERGED from [:expo-app-loader-provider] AndroidManifest.xml:2:1-11:12
MERGED from [:expo-constants] AndroidManifest.xml:2:1-11:12
MERGED from [:expo-file-system] AndroidManifest.xml:2:1-30:12
MERGED from [:expo-font] AndroidManifest.xml:2:1-11:12
MERGED from [:expo-image-manipulator] AndroidManifest.xml:2:1-11:12
MERGED from [:expo-image-picker] AndroidManifest.xml:2:1-25:12
MERGED from [:expo-keep-awake] AndroidManifest.xml:2:1-11:12
MERGED from [:expo-linear-gradient] AndroidManifest.xml:2:1-11:12
MERGED from [:expo-localization] AndroidManifest.xml:2:1-11:12
MERGED from [:expo-location] AndroidManifest.xml:2:1-21:12
MERGED from [:expo-permissions] AndroidManifest.xml:2:1-11:12
MERGED from [:expo-sqlite] AndroidManifest.xml:2:1-11:12
MERGED from [:expo-web-browser] AndroidManifest.xml:2:1-11:12
MERGED from [:unimodules-barcode-scanner-interface] AndroidManifest.xml:2:1-11:12
MERGED from [:unimodules-camera-interface] AndroidManifest.xml:2:1-11:12
MERGED from [:unimodules-constants-interface] AndroidManifest.xml:2:1-11:12
MERGED from [:unimodules-face-detector-interface] AndroidManifest.xml:2:1-11:12
MERGED from [:unimodules-file-system-interface] AndroidManifest.xml:2:1-11:12
MERGED from [:unimodules-font-interface] AndroidManifest.xml:2:1-11:12
MERGED from [:unimodules-permissions-interface] AndroidManifest.xml:2:1-11:12
MERGED from [:unimodules-task-manager-interface] AndroidManifest.xml:2:1-11:12
MERGED from [:unimodules-core] AndroidManifest.xml:2:1-11:12
MERGED from [:unimodules-image-loader-interface] AndroidManifest.xml:2:1-11:12
MERGED from [:unimodules-sensors-interface] AndroidManifest.xml:2:1-11:12
MERGED from [com.squareup.leakcanary:leakcanary-android-no-op:1.4-beta1] AndroidManifest.xml:17:1-24:12
MERGED from [:react-native-photo-view] AndroidManifest.xml:2:1-13:12
MERGED from [:react-native-linear-gradient] AndroidManifest.xml:2:1-11:12
MERGED from [androidx.multidex:multidex:2.0.0] AndroidManifest.xml:17:1-22:12
MERGED from [com.theartofdev.edmodo:android-image-cropper:2.7.0] AndroidManifest.xml:2:1-11:12
MERGED from [com.airbnb.android:lottie:2.5.6] AndroidManifest.xml:2:1-13:12
MERGED from [com.facebook.android:facebook-android-sdk:5.0.1] AndroidManifest.xml:21:1-31:12
MERGED from [com.facebook.android:facebook-login:5.0.1] AndroidManifest.xml:21:1-31:12
MERGED from [com.facebook.android:facebook-share:5.0.1] AndroidManifest.xml:21:1-31:12
MERGED from [com.facebook.android:facebook-common:5.0.1] AndroidManifest.xml:21:1-37:12
MERGED from [com.google.android.material:material:1.0.0] AndroidManifest.xml:17:1-24:12
MERGED from [androidx.appcompat:appcompat:1.0.0] AndroidManifest.xml:17:1-22:12
MERGED from [com.facebook.android:audience-network-sdk:5.1.1] AndroidManifest.xml:2:1-34:12
MERGED from [com.jakewharton:butterknife:9.0.0] AndroidManifest.xml:2:1-7:12
MERGED from [com.google.android.gms:play-services-gcm:16.1.0] AndroidManifest.xml:17:1-28:12
MERGED from [com.google.android.gms:play-services-analytics:16.0.8] AndroidManifest.xml:17:1-47:12
MERGED from [com.google.android.gms:play-services-wallet:16.0.1] AndroidManifest.xml:17:1-22:12
MERGED from [com.google.android.gms:play-services-maps:16.1.0] AndroidManifest.xml:17:1-38:12
MERGED from [com.google.android.gms:play-services-auth:16.0.1] AndroidManifest.xml:17:1-39:12
MERGED from [com.google.android.gms:play-services-fitness:16.0.1] AndroidManifest.xml:17:1-24:12
MERGED from [com.google.android.gms:play-services-location:16.0.0] AndroidManifest.xml:2:1-9:12
MERGED from [me.leolin:ShortcutBadger:1.1.4] AndroidManifest.xml:2:1-35:12
MERGED from [net.openid:appauth:0.7.1] AndroidManifest.xml:15:1-46:12
MERGED from [io.nlopez.smartlocation:library:3.2.11] AndroidManifest.xml:2:1-30:12
MERGED from [androidx.exifinterface:exifinterface:1.0.0] AndroidManifest.xml:17:1-22:12
MERGED from [com.facebook.fresco:imagepipeline-okhttp3:1.10.0] AndroidManifest.xml:2:1-9:12
MERGED from [com.facebook.fresco:animated-gif:1.10.0] AndroidManifest.xml:2:1-9:12
MERGED from [com.facebook.fresco:animated-webp:1.10.0] AndroidManifest.xml:2:1-9:12
MERGED from [com.facebook.fresco:webpsupport:1.10.0] AndroidManifest.xml:2:1-9:12
MERGED from [com.facebook.fresco:fresco:2.2.0] AndroidManifest.xml:2:1-9:12
MERGED from [com.facebook.fresco:animated-base:1.10.0] AndroidManifest.xml:2:1-9:12
MERGED from [com.facebook.fresco:animated-drawable:1.10.0] AndroidManifest.xml:2:1-9:12
MERGED from [com.facebook.fresco:drawee:2.2.0] AndroidManifest.xml:2:1-9:12
MERGED from [com.facebook.fresco:nativeimagefilters:2.2.0] AndroidManifest.xml:2:1-9:12
MERGED from [com.facebook.fresco:memory-type-native:2.2.0] AndroidManifest.xml:2:1-9:12
MERGED from [com.facebook.fresco:memory-type-java:2.2.0] AndroidManifest.xml:2:1-9:12
MERGED from [com.facebook.fresco:imagepipeline-native:2.2.0] AndroidManifest.xml:2:1-9:12
MERGED from [com.facebook.fresco:soloader:2.2.0] AndroidManifest.xml:2:1-9:12
MERGED from [com.facebook.soloader:soloader:0.8.2] AndroidManifest.xml:2:1-13:12
MERGED from [com.github.bumptech.glide:glide:4.9.0] AndroidManifest.xml:2:1-12:12
MERGED from [com.facebook.android:facebook-places:5.0.1] AndroidManifest.xml:21:1-31:12
MERGED from [com.facebook.android:facebook-applinks:5.0.1] AndroidManifest.xml:21:1-31:12
MERGED from [com.facebook.android:facebook-messenger:5.0.1] AndroidManifest.xml:21:1-31:12
MERGED from [com.facebook.android:facebook-core:5.0.1] AndroidManifest.xml:21:1-61:12
MERGED from [com.google.android.exoplayer:exoplayer-dash:r2.4.2] AndroidManifest.xml:17:1-25:12
MERGED from [com.google.android.exoplayer:extension-okhttp:2.9.2] AndroidManifest.xml:17:1-24:12
MERGED from [com.github.Raizlabs.DBFlow:dbflow:4.2.4] AndroidManifest.xml:2:1-13:12
MERGED from [com.github.bumptech.glide:gifdecoder:4.9.0] AndroidManifest.xml:2:1-11:12
MERGED from [com.jakewharton:butterknife-runtime:9.0.0] AndroidManifest.xml:2:1-7:12
MERGED from [com.google.android.exoplayer:exoplayer-core:2.9.2] AndroidManifest.xml:17:1-26:12
MERGED from [androidx.browser:browser:1.0.0] AndroidManifest.xml:17:1-22:12
MERGED from [com.google.android.gms:play-services-iid:16.0.1] AndroidManifest.xml:17:1-28:12
MERGED from [com.google.android.gms:play-services-tagmanager-v4-impl:16.0.8] AndroidManifest.xml:17:1-24:12
MERGED from [com.google.android.gms:play-services-analytics-impl:16.0.8] AndroidManifest.xml:17:1-31:12
MERGED from [com.google.android.gms:play-services-auth-api-phone:16.0.0] AndroidManifest.xml:2:1-7:12
MERGED from [com.google.android.gms:play-services-auth-base:16.0.0] AndroidManifest.xml:2:1-7:12
MERGED from [com.google.android.gms:play-services-identity:16.0.0] AndroidManifest.xml:17:1-24:12
MERGED from [com.google.firebase:firebase-messaging:18.0.0] AndroidManifest.xml:17:1-37:12
MERGED from [com.google.firebase:firebase-core:16.0.9] AndroidManifest.xml:2:1-9:12
MERGED from [com.google.firebase:firebase-analytics:16.5.0] AndroidManifest.xml:2:1-9:12
MERGED from [com.google.android.gms:play-services-measurement-api:16.5.0] AndroidManifest.xml:17:1-36:12
MERGED from [com.google.firebase:firebase-iid:18.0.0] AndroidManifest.xml:17:1-47:12
MERGED from [com.google.firebase:firebase-iid-interop:16.0.1] AndroidManifest.xml:2:1-10:12
MERGED from [com.google.android.gms:play-services-base:16.1.0] AndroidManifest.xml:17:1-29:12
MERGED from [com.google.android.gms:play-services-places-placereport:16.0.0] AndroidManifest.xml:17:1-24:12
MERGED from [com.google.firebase:firebase-common:17.0.0] AndroidManifest.xml:2:1-19:12
MERGED from [com.google.android.gms:play-services-tasks:16.0.1] AndroidManifest.xml:2:1-9:12
MERGED from [com.google.android.gms:play-services-measurement:16.5.0] AndroidManifest.xml:17:1-55:12
MERGED from [com.google.android.gms:play-services-measurement-sdk:16.5.0] AndroidManifest.xml:17:1-25:12
MERGED from [com.google.android.gms:play-services-measurement-impl:16.5.0] AndroidManifest.xml:17:1-40:12
MERGED from [com.google.android.gms:play-services-stats:16.0.1] AndroidManifest.xml:2:1-9:12
MERGED from [com.google.firebase:firebase-measurement-connector:17.0.1] AndroidManifest.xml:17:1-25:12
MERGED from [com.google.android.gms:play-services-ads-identifier:16.0.0] AndroidManifest.xml:17:1-24:12
MERGED from [com.google.android.gms:play-services-measurement-sdk-api:16.5.0] AndroidManifest.xml:17:1-40:12
MERGED from [com.google.android.gms:play-services-measurement-base:16.5.0] AndroidManifest.xml:2:1-9:12
MERGED from [com.google.android.gms:play-services-basement:16.2.0] AndroidManifest.xml:17:1-28:12
MERGED from [androidx.legacy:legacy-support-v4:1.0.0] AndroidManifest.xml:17:1-22:12
MERGED from [androidx.fragment:fragment:1.0.0] AndroidManifest.xml:17:1-22:12
MERGED from [androidx.vectordrawable:vectordrawable-animated:1.0.0] AndroidManifest.xml:17:1-22:12
MERGED from [androidx.recyclerview:recyclerview:1.0.0] AndroidManifest.xml:17:1-22:12
MERGED from [androidx.legacy:legacy-support-core-ui:1.0.0] AndroidManifest.xml:17:1-22:12
MERGED from [androidx.legacy:legacy-support-core-utils:1.0.0] AndroidManifest.xml:17:1-22:12
MERGED from [androidx.vectordrawable:vectordrawable:1.0.0] AndroidManifest.xml:17:1-22:12
MERGED from [androidx.media:media:1.0.0] AndroidManifest.xml:17:1-22:12
MERGED from [androidx.loader:loader:1.0.0] AndroidManifest.xml:17:1-22:12
MERGED from [androidx.transition:transition:1.0.0] AndroidManifest.xml:17:1-22:12
MERGED from [androidx.viewpager:viewpager:1.0.0] AndroidManifest.xml:17:1-22:12
MERGED from [androidx.coordinatorlayout:coordinatorlayout:1.0.0] AndroidManifest.xml:17:1-22:12
MERGED from [androidx.drawerlayout:drawerlayout:1.0.0] AndroidManifest.xml:17:1-22:12
MERGED from [androidx.slidingpanelayout:slidingpanelayout:1.0.0] AndroidManifest.xml:17:1-22:12
MERGED from [androidx.customview:customview:1.0.0] AndroidManifest.xml:17:1-22:12
MERGED from [androidx.swiperefreshlayout:swiperefreshlayout:1.0.0] AndroidManifest.xml:17:1-22:12
MERGED from [androidx.asynclayoutinflater:asynclayoutinflater:1.0.0] AndroidManifest.xml:17:1-22:12
MERGED from [androidx.core:core:1.0.0] AndroidManifest.xml:17:1-24:12
MERGED from [androidx.versionedparcelable:versionedparcelable:1.0.0] AndroidManifest.xml:17:1-25:12
MERGED from [androidx.cursoradapter:cursoradapter:1.0.0] AndroidManifest.xml:17:1-22:12
MERGED from [androidx.interpolator:interpolator:1.0.0] AndroidManifest.xml:17:1-22:12
MERGED from [androidx.lifecycle:lifecycle-runtime:2.0.0] AndroidManifest.xml:17:1-22:12
MERGED from [androidx.documentfile:documentfile:1.0.0] AndroidManifest.xml:17:1-22:12
MERGED from [androidx.localbroadcastmanager:localbroadcastmanager:1.0.0] AndroidManifest.xml:17:1-22:12
MERGED from [androidx.print:print:1.0.0] AndroidManifest.xml:17:1-22:12
MERGED from [androidx.lifecycle:lifecycle-viewmodel:2.0.0] AndroidManifest.xml:17:1-22:12
MERGED from [androidx.cardview:cardview:1.0.0] AndroidManifest.xml:17:1-22:12
MERGED from [androidx.lifecycle:lifecycle-livedata:2.0.0] AndroidManifest.xml:17:1-22:12
MERGED from [androidx.lifecycle:lifecycle-livedata-core:2.0.0] AndroidManifest.xml:17:1-22:12
MERGED from [androidx.arch.core:core-runtime:2.0.0] AndroidManifest.xml:17:1-22:12
MERGED from [com.google.maps.android:android-maps-utils:0.5] AndroidManifest.xml:2:1-13:12
MERGED from [me.relex:photodraweeview:1.0.0] AndroidManifest.xml:2:1-14:12
MERGED from [com.crashlytics.sdk.android:crashlytics:2.5.5] AndroidManifest.xml:2:1-13:12
MERGED from [com.android.installreferrer:installreferrer:1.0] AndroidManifest.xml:2:1-13:12
MERGED from [com.facebook.fresco:memory-type-ashmem:2.2.0] AndroidManifest.xml:2:1-9:12
MERGED from [com.facebook.fresco:imagepipeline:2.2.0] AndroidManifest.xml:2:1-9:12
MERGED from [com.facebook.fresco:nativeimagetranscoder:2.2.0] AndroidManifest.xml:2:1-9:12
MERGED from [com.facebook.fresco:imagepipeline-base:2.2.0] AndroidManifest.xml:2:1-9:12
MERGED from [com.facebook.fresco:fbcore:2.2.0] AndroidManifest.xml:2:1-9:12
MERGED from [com.facebook.fresco:ui-common:2.2.0] AndroidManifest.xml:2:1-9:12
MERGED from [com.crashlytics.sdk.android:crashlytics-core:2.3.8] AndroidManifest.xml:2:1-13:12
MERGED from [com.crashlytics.sdk.android:answers:1.3.6] AndroidManifest.xml:2:1-13:12
MERGED from [io.fabric.sdk.android:fabric:1.3.10] AndroidManifest.xml:18:1-29:12
MERGED from [com.crashlytics.sdk.android:beta:1.1.4] AndroidManifest.xml:2:1-13:12
MERGED from [com.facebook.soloader:annotation:0.8.2] AndroidManifest.xml:2:1-13:12
INJECTED from src/main/AndroidManifest.xml:2:1-362:12
INJECTED from src/main/AndroidManifest.xml:2:1-362:12
INJECTED from src/main/AndroidManifest.xml:2:1-362:12
	package
		ADDED from src/main/AndroidManifest.xml:3:3-30
		INJECTED from src/main/AndroidManifest.xml
		INJECTED from src/main/AndroidManifest.xml
	android:versionName
		INJECTED from src/main/AndroidManifest.xml
		ADDED from src/main/AndroidManifest.xml:2:1-362:12
		INJECTED from src/main/AndroidManifest.xml
	xmlns:tools
		ADDED from src/main/AndroidManifest.xml:5:3-49
	android:versionCode
		INJECTED from src/main/AndroidManifest.xml
		ADDED from src/main/AndroidManifest.xml:2:1-362:12
		INJECTED from src/main/AndroidManifest.xml
	xmlns:android
		ADDED from src/main/AndroidManifest.xml:4:3-61
permission#com.i3gateway.benzamg.permission.C2D_MESSAGE
ADDED from src/main/AndroidManifest.xml:7:3-9:42
	android:protectionLevel
		ADDED from src/main/AndroidManifest.xml:9:5-40
	android:name
		ADDED from src/main/AndroidManifest.xml:8:5-64
uses-permission#com.i3gateway.benzamg.permission.C2D_MESSAGE
ADDED from src/main/AndroidManifest.xml:12:3-82
	android:name
		ADDED from src/main/AndroidManifest.xml:12:20-79
uses-permission#com.google.android.c2dm.permission.RECEIVE
ADDED from src/main/AndroidManifest.xml:13:3-80
MERGED from [com.google.android.gms:play-services-gcm:16.1.0] AndroidManifest.xml:23:5-82
MERGED from [com.google.android.gms:play-services-gcm:16.1.0] AndroidManifest.xml:23:5-82
MERGED from [com.google.android.gms:play-services-iid:16.0.1] AndroidManifest.xml:23:5-82
MERGED from [com.google.android.gms:play-services-iid:16.0.1] AndroidManifest.xml:23:5-82
MERGED from [com.google.firebase:firebase-iid:18.0.0] AndroidManifest.xml:26:5-82
MERGED from [com.google.firebase:firebase-iid:18.0.0] AndroidManifest.xml:26:5-82
	android:name
		ADDED from src/main/AndroidManifest.xml:13:20-77
uses-permission#android.permission.ACCESS_NETWORK_STATE
ADDED from src/main/AndroidManifest.xml:14:3-77
MERGED from [host.exp.exponent:expoview:35.0.0] AndroidManifest.xml:27:5-79
MERGED from [host.exp.exponent:expoview:35.0.0] AndroidManifest.xml:27:5-79
MERGED from [com.facebook.android:audience-network-sdk:5.1.1] AndroidManifest.xml:12:5-79
MERGED from [com.facebook.android:audience-network-sdk:5.1.1] AndroidManifest.xml:12:5-79
MERGED from [com.google.android.gms:play-services-analytics:16.0.8] AndroidManifest.xml:24:5-79
MERGED from [com.google.android.gms:play-services-analytics:16.0.8] AndroidManifest.xml:24:5-79
MERGED from [com.google.android.gms:play-services-maps:16.1.0] AndroidManifest.xml:23:5-79
MERGED from [com.google.android.gms:play-services-maps:16.1.0] AndroidManifest.xml:23:5-79
MERGED from [io.nlopez.smartlocation:library:3.2.11] AndroidManifest.xml:13:5-79
MERGED from [io.nlopez.smartlocation:library:3.2.11] AndroidManifest.xml:13:5-79
MERGED from [com.google.android.exoplayer:exoplayer-core:2.9.2] AndroidManifest.xml:24:5-79
MERGED from [com.google.android.exoplayer:exoplayer-core:2.9.2] AndroidManifest.xml:24:5-79
MERGED from [com.google.android.gms:play-services-analytics-impl:16.0.8] AndroidManifest.xml:24:5-79
MERGED from [com.google.android.gms:play-services-analytics-impl:16.0.8] AndroidManifest.xml:24:5-79
MERGED from [com.google.android.gms:play-services-measurement-api:16.5.0] AndroidManifest.xml:23:5-79
MERGED from [com.google.android.gms:play-services-measurement-api:16.5.0] AndroidManifest.xml:23:5-79
MERGED from [com.google.firebase:firebase-iid:18.0.0] AndroidManifest.xml:22:5-79
MERGED from [com.google.firebase:firebase-iid:18.0.0] AndroidManifest.xml:22:5-79
MERGED from [com.google.android.gms:play-services-measurement:16.5.0] AndroidManifest.xml:24:5-79
MERGED from [com.google.android.gms:play-services-measurement:16.5.0] AndroidManifest.xml:24:5-79
MERGED from [com.google.android.gms:play-services-measurement-impl:16.5.0] AndroidManifest.xml:24:5-79
MERGED from [com.google.android.gms:play-services-measurement-impl:16.5.0] AndroidManifest.xml:24:5-79
MERGED from [com.google.android.gms:play-services-measurement-sdk-api:16.5.0] AndroidManifest.xml:24:5-79
MERGED from [com.google.android.gms:play-services-measurement-sdk-api:16.5.0] AndroidManifest.xml:24:5-79
	android:name
		ADDED from src/main/AndroidManifest.xml:14:20-74
uses-permission#android.permission.INTERNET
ADDED from src/main/AndroidManifest.xml:15:3-65
MERGED from [host.exp.exponent:expoview:35.0.0] AndroidManifest.xml:21:5-67
MERGED from [host.exp.exponent:expoview:35.0.0] AndroidManifest.xml:21:5-67
MERGED from [:react-native-maps] AndroidManifest.xml:9:5-67
MERGED from [:react-native-maps] AndroidManifest.xml:9:5-67
MERGED from [:expo-file-system] AndroidManifest.xml:12:5-67
MERGED from [:expo-file-system] AndroidManifest.xml:12:5-67
MERGED from [com.facebook.android:audience-network-sdk:5.1.1] AndroidManifest.xml:11:5-67
MERGED from [com.facebook.android:audience-network-sdk:5.1.1] AndroidManifest.xml:11:5-67
MERGED from [com.google.android.gms:play-services-gcm:16.1.0] AndroidManifest.xml:24:5-67
MERGED from [com.google.android.gms:play-services-gcm:16.1.0] AndroidManifest.xml:24:5-67
MERGED from [com.google.android.gms:play-services-analytics:16.0.8] AndroidManifest.xml:23:5-67
MERGED from [com.google.android.gms:play-services-analytics:16.0.8] AndroidManifest.xml:23:5-67
MERGED from [com.google.android.gms:play-services-maps:16.1.0] AndroidManifest.xml:24:5-67
MERGED from [com.google.android.gms:play-services-maps:16.1.0] AndroidManifest.xml:24:5-67
MERGED from [net.openid:appauth:0.7.1] AndroidManifest.xml:24:5-67
MERGED from [net.openid:appauth:0.7.1] AndroidManifest.xml:24:5-67
MERGED from [com.google.android.gms:play-services-iid:16.0.1] AndroidManifest.xml:24:5-67
MERGED from [com.google.android.gms:play-services-iid:16.0.1] AndroidManifest.xml:24:5-67
MERGED from [com.google.android.gms:play-services-analytics-impl:16.0.8] AndroidManifest.xml:23:5-67
MERGED from [com.google.android.gms:play-services-analytics-impl:16.0.8] AndroidManifest.xml:23:5-67
MERGED from [com.google.android.gms:play-services-measurement-api:16.5.0] AndroidManifest.xml:22:5-67
MERGED from [com.google.android.gms:play-services-measurement-api:16.5.0] AndroidManifest.xml:22:5-67
MERGED from [com.google.firebase:firebase-iid:18.0.0] AndroidManifest.xml:23:5-67
MERGED from [com.google.firebase:firebase-iid:18.0.0] AndroidManifest.xml:23:5-67
MERGED from [com.google.android.gms:play-services-measurement:16.5.0] AndroidManifest.xml:23:5-67
MERGED from [com.google.android.gms:play-services-measurement:16.5.0] AndroidManifest.xml:23:5-67
MERGED from [com.google.android.gms:play-services-measurement-impl:16.5.0] AndroidManifest.xml:23:5-67
MERGED from [com.google.android.gms:play-services-measurement-impl:16.5.0] AndroidManifest.xml:23:5-67
MERGED from [com.google.android.gms:play-services-measurement-sdk-api:16.5.0] AndroidManifest.xml:23:5-67
MERGED from [com.google.android.gms:play-services-measurement-sdk-api:16.5.0] AndroidManifest.xml:23:5-67
MERGED from [com.crashlytics.sdk.android:crashlytics:2.5.5] AndroidManifest.xml:9:5-67
MERGED from [com.crashlytics.sdk.android:crashlytics:2.5.5] AndroidManifest.xml:9:5-67
MERGED from [com.crashlytics.sdk.android:crashlytics-core:2.3.8] AndroidManifest.xml:9:5-67
MERGED from [com.crashlytics.sdk.android:crashlytics-core:2.3.8] AndroidManifest.xml:9:5-67
MERGED from [com.crashlytics.sdk.android:answers:1.3.6] AndroidManifest.xml:9:5-67
MERGED from [com.crashlytics.sdk.android:answers:1.3.6] AndroidManifest.xml:9:5-67
MERGED from [io.fabric.sdk.android:fabric:1.3.10] AndroidManifest.xml:25:5-67
MERGED from [io.fabric.sdk.android:fabric:1.3.10] AndroidManifest.xml:25:5-67
MERGED from [com.crashlytics.sdk.android:beta:1.1.4] AndroidManifest.xml:9:5-67
MERGED from [com.crashlytics.sdk.android:beta:1.1.4] AndroidManifest.xml:9:5-67
	android:name
		ADDED from src/main/AndroidManifest.xml:15:20-62
uses-permission#android.permission.SYSTEM_ALERT_WINDOW
ADDED from src/main/AndroidManifest.xml:16:3-76
MERGED from [host.exp.exponent:expoview:35.0.0] AndroidManifest.xml:23:5-78
MERGED from [host.exp.exponent:expoview:35.0.0] AndroidManifest.xml:23:5-78
	android:name
		ADDED from src/main/AndroidManifest.xml:16:20-73
uses-permission#android.permission.WAKE_LOCK
ADDED from src/main/AndroidManifest.xml:17:3-66
MERGED from [host.exp.exponent:expoview:35.0.0] AndroidManifest.xml:24:5-68
MERGED from [host.exp.exponent:expoview:35.0.0] AndroidManifest.xml:24:5-68
MERGED from [com.google.android.gms:play-services-analytics:16.0.8] AndroidManifest.xml:27:5-68
MERGED from [com.google.android.gms:play-services-analytics:16.0.8] AndroidManifest.xml:27:5-68
MERGED from [com.google.android.gms:play-services-analytics-impl:16.0.8] AndroidManifest.xml:27:5-68
MERGED from [com.google.android.gms:play-services-analytics-impl:16.0.8] AndroidManifest.xml:27:5-68
MERGED from [com.google.android.gms:play-services-measurement-api:16.5.0] AndroidManifest.xml:24:5-68
MERGED from [com.google.android.gms:play-services-measurement-api:16.5.0] AndroidManifest.xml:24:5-68
MERGED from [com.google.firebase:firebase-iid:18.0.0] AndroidManifest.xml:24:5-68
MERGED from [com.google.firebase:firebase-iid:18.0.0] AndroidManifest.xml:24:5-68
MERGED from [com.google.android.gms:play-services-measurement:16.5.0] AndroidManifest.xml:25:5-68
MERGED from [com.google.android.gms:play-services-measurement:16.5.0] AndroidManifest.xml:25:5-68
MERGED from [com.google.android.gms:play-services-measurement-impl:16.5.0] AndroidManifest.xml:25:5-68
MERGED from [com.google.android.gms:play-services-measurement-impl:16.5.0] AndroidManifest.xml:25:5-68
MERGED from [com.google.android.gms:play-services-measurement-sdk-api:16.5.0] AndroidManifest.xml:25:5-68
MERGED from [com.google.android.gms:play-services-measurement-sdk-api:16.5.0] AndroidManifest.xml:25:5-68
	android:name
		ADDED from src/main/AndroidManifest.xml:17:20-63
uses-permission#android.permission.ACCESS_COARSE_LOCATION
ADDED from src/main/AndroidManifest.xml:20:7-83
MERGED from [host.exp.exponent:expoview:35.0.0] AndroidManifest.xml:40:5-81
MERGED from [host.exp.exponent:expoview:35.0.0] AndroidManifest.xml:40:5-81
MERGED from [:react-native-maps] AndroidManifest.xml:10:5-81
MERGED from [:react-native-maps] AndroidManifest.xml:10:5-81
MERGED from [:expo-location] AndroidManifest.xml:11:5-81
MERGED from [:expo-location] AndroidManifest.xml:11:5-81
MERGED from [io.nlopez.smartlocation:library:3.2.11] AndroidManifest.xml:12:5-81
MERGED from [io.nlopez.smartlocation:library:3.2.11] AndroidManifest.xml:12:5-81
	android:name
		ADDED from src/main/AndroidManifest.xml:20:24-80
uses-permission#android.permission.ACCESS_FINE_LOCATION
ADDED from src/main/AndroidManifest.xml:21:1-75
MERGED from [host.exp.exponent:expoview:35.0.0] AndroidManifest.xml:41:5-79
MERGED from [host.exp.exponent:expoview:35.0.0] AndroidManifest.xml:41:5-79
MERGED from [:expo-location] AndroidManifest.xml:12:5-79
MERGED from [:expo-location] AndroidManifest.xml:12:5-79
MERGED from [io.nlopez.smartlocation:library:3.2.11] AndroidManifest.xml:14:5-79
MERGED from [io.nlopez.smartlocation:library:3.2.11] AndroidManifest.xml:14:5-79
	android:name
		ADDED from src/main/AndroidManifest.xml:21:18-72
uses-permission#android.permission.CAMERA
ADDED from src/main/AndroidManifest.xml:22:1-61
MERGED from [host.exp.exponent:expoview:35.0.0] AndroidManifest.xml:39:5-65
MERGED from [host.exp.exponent:expoview:35.0.0] AndroidManifest.xml:39:5-65
	android:name
		ADDED from src/main/AndroidManifest.xml:22:18-58
uses-permission#android.permission.MANAGE_DOCUMENTS
ADDED from src/main/AndroidManifest.xml:23:1-71
MERGED from [host.exp.exponent:expoview:35.0.0] AndroidManifest.xml:28:5-75
MERGED from [host.exp.exponent:expoview:35.0.0] AndroidManifest.xml:28:5-75
	android:name
		ADDED from src/main/AndroidManifest.xml:23:18-68
uses-permission#android.permission.READ_CONTACTS
ADDED from src/main/AndroidManifest.xml:24:1-68
MERGED from [host.exp.exponent:expoview:35.0.0] AndroidManifest.xml:34:5-72
MERGED from [host.exp.exponent:expoview:35.0.0] AndroidManifest.xml:34:5-72
	android:name
		ADDED from src/main/AndroidManifest.xml:24:18-65
uses-permission#android.permission.READ_CALENDAR
ADDED from src/main/AndroidManifest.xml:25:1-68
MERGED from [host.exp.exponent:expoview:35.0.0] AndroidManifest.xml:35:5-72
MERGED from [host.exp.exponent:expoview:35.0.0] AndroidManifest.xml:35:5-72
	android:name
		ADDED from src/main/AndroidManifest.xml:25:18-65
uses-permission#android.permission.WRITE_CALENDAR
ADDED from src/main/AndroidManifest.xml:26:1-69
MERGED from [host.exp.exponent:expoview:35.0.0] AndroidManifest.xml:36:5-73
MERGED from [host.exp.exponent:expoview:35.0.0] AndroidManifest.xml:36:5-73
	android:name
		ADDED from src/main/AndroidManifest.xml:26:18-66
uses-permission#android.permission.READ_EXTERNAL_STORAGE
ADDED from src/main/AndroidManifest.xml:27:1-76
MERGED from [host.exp.exponent:expoview:35.0.0] AndroidManifest.xml:37:5-80
MERGED from [host.exp.exponent:expoview:35.0.0] AndroidManifest.xml:37:5-80
MERGED from [:expo-file-system] AndroidManifest.xml:14:5-80
MERGED from [:expo-file-system] AndroidManifest.xml:14:5-80
	android:name
		ADDED from src/main/AndroidManifest.xml:27:18-73
uses-permission#android.permission.READ_PHONE_STATE
ADDED from src/main/AndroidManifest.xml:28:1-71
	android:name
		ADDED from src/main/AndroidManifest.xml:28:18-68
uses-permission#android.permission.RECORD_AUDIO
ADDED from src/main/AndroidManifest.xml:29:1-67
	android:name
		ADDED from src/main/AndroidManifest.xml:29:18-64
uses-permission#android.permission.USE_FINGERPRINT
ADDED from src/main/AndroidManifest.xml:30:1-70
MERGED from [host.exp.exponent:expoview:35.0.0] AndroidManifest.xml:29:5-74
MERGED from [host.exp.exponent:expoview:35.0.0] AndroidManifest.xml:29:5-74
	android:name
		ADDED from src/main/AndroidManifest.xml:30:18-67
uses-permission#android.permission.VIBRATE
ADDED from src/main/AndroidManifest.xml:31:1-62
	android:name
		ADDED from src/main/AndroidManifest.xml:31:18-59
uses-permission#android.permission.WRITE_EXTERNAL_STORAGE
ADDED from src/main/AndroidManifest.xml:33:1-77
MERGED from [host.exp.exponent:expoview:35.0.0] AndroidManifest.xml:38:5-81
MERGED from [host.exp.exponent:expoview:35.0.0] AndroidManifest.xml:38:5-81
MERGED from [:expo-file-system] AndroidManifest.xml:13:5-81
MERGED from [:expo-file-system] AndroidManifest.xml:13:5-81
	android:name
		ADDED from src/main/AndroidManifest.xml:33:18-74
uses-permission#com.anddoes.launcher.permission.UPDATE_COUNT
ADDED from src/main/AndroidManifest.xml:34:1-80
MERGED from [me.leolin:ShortcutBadger:1.1.4] AndroidManifest.xml:30:5-84
MERGED from [me.leolin:ShortcutBadger:1.1.4] AndroidManifest.xml:30:5-84
	android:name
		ADDED from src/main/AndroidManifest.xml:34:18-77
uses-permission#com.android.launcher.permission.INSTALL_SHORTCUT
ADDED from src/main/AndroidManifest.xml:35:1-84
MERGED from [host.exp.exponent:expoview:35.0.0] AndroidManifest.xml:22:5-88
MERGED from [host.exp.exponent:expoview:35.0.0] AndroidManifest.xml:22:5-88
	android:name
		ADDED from src/main/AndroidManifest.xml:35:18-81
uses-permission#com.google.android.gms.permission.ACTIVITY_RECOGNITION
ADDED from src/main/AndroidManifest.xml:37:1-90
MERGED from [io.nlopez.smartlocation:library:3.2.11] AndroidManifest.xml:16:5-94
MERGED from [io.nlopez.smartlocation:library:3.2.11] AndroidManifest.xml:16:5-94
	android:name
		ADDED from src/main/AndroidManifest.xml:37:18-87
uses-permission#com.google.android.providers.gsf.permission.READ_GSERVICES
ADDED from src/main/AndroidManifest.xml:38:1-94
MERGED from [io.nlopez.smartlocation:library:3.2.11] AndroidManifest.xml:15:5-98
MERGED from [io.nlopez.smartlocation:library:3.2.11] AndroidManifest.xml:15:5-98
	android:name
		ADDED from src/main/AndroidManifest.xml:38:18-91
uses-permission#com.htc.launcher.permission.READ_SETTINGS
ADDED from src/main/AndroidManifest.xml:39:1-77
MERGED from [me.leolin:ShortcutBadger:1.1.4] AndroidManifest.xml:23:5-81
MERGED from [me.leolin:ShortcutBadger:1.1.4] AndroidManifest.xml:23:5-81
	android:name
		ADDED from src/main/AndroidManifest.xml:39:18-74
uses-permission#com.htc.launcher.permission.UPDATE_SHORTCUT
ADDED from src/main/AndroidManifest.xml:40:1-79
MERGED from [me.leolin:ShortcutBadger:1.1.4] AndroidManifest.xml:24:5-83
MERGED from [me.leolin:ShortcutBadger:1.1.4] AndroidManifest.xml:24:5-83
	android:name
		ADDED from src/main/AndroidManifest.xml:40:18-76
uses-permission#com.majeur.launcher.permission.UPDATE_BADGE
ADDED from src/main/AndroidManifest.xml:41:1-79
MERGED from [me.leolin:ShortcutBadger:1.1.4] AndroidManifest.xml:33:5-83
MERGED from [me.leolin:ShortcutBadger:1.1.4] AndroidManifest.xml:33:5-83
	android:name
		ADDED from src/main/AndroidManifest.xml:41:18-76
uses-permission#com.sec.android.provider.badge.permission.READ
ADDED from src/main/AndroidManifest.xml:42:1-82